#
# There is insufficient memory for the Java Runtime Environment to continue.
# Native memory allocation (malloc) failed to allocate 2842464 bytes for Chunk::new
# Possible reasons:
#   The system is out of physical RAM or swap space
#   In 32 bit mode, the process size limit was hit
# Possible solutions:
#   Reduce memory load on the system
#   Increase physical memory or swap space
#   Check if swap backing store is full
#   Use 64 bit Java on a 64 bit OS
#   Decrease Java heap size (-Xmx/-Xms)
#   Decrease number of Java threads
#   Decrease Java thread stack sizes (-Xss)
#   Set larger code cache with -XX:ReservedCodeCacheSize=
# This output file may be truncated or incomplete.
#
#  Out of Memory Error (allocation.cpp:390), pid=21496, tid=0x0000000000002ba4
#
# JRE version: Java(TM) SE Runtime Environment (8.0_161-b12) (build 1.8.0_161-b12)
# Java VM: Java HotSpot(TM) 64-Bit Server VM (25.161-b12 mixed mode windows-amd64 compressed oops)
# Failed to write core dump. Minidumps are not enabled by default on client versions of Windows
#

---------------  T H R E A D  ---------------

Current thread (0x000000001fbcc000):  JavaThread "C2 CompilerThread1" daemon [_thread_in_native, id=11172, stack(0x0000000020140000,0x0000000020240000)]

Stack: [0x0000000020140000,0x0000000020240000]
[error occurred during error reporting (printing stack bounds), id 0xc0000005]

Native frames: (J=compiled Java code, j=interpreted, Vv=VM code, C=native code)


Current CompileTask:
C2:  21963 10685       4       com.fasterxml.classmate.TypeResolver::_fromAny (153 bytes)


---------------  P R O C E S S  ---------------

Java Threads: ( => current thread )
  0x000000002f816800 JavaThread "quartzScheduler_QuartzSchedulerThread" [_thread_blocked, id=29668, stack(0x0000000034870000,0x0000000034970000)]
  0x000000002f81d000 JavaThread "quartzScheduler_Worker-10" [_thread_blocked, id=32332, stack(0x0000000034770000,0x0000000034870000)]
  0x000000002f815800 JavaThread "quartzScheduler_Worker-9" [_thread_blocked, id=33200, stack(0x0000000034670000,0x0000000034770000)]
  0x000000002f81c800 JavaThread "quartzScheduler_Worker-8" [_thread_blocked, id=26092, stack(0x0000000034570000,0x0000000034670000)]
  0x000000002f815000 JavaThread "quartzScheduler_Worker-7" [_thread_blocked, id=3696, stack(0x0000000034470000,0x0000000034570000)]
  0x000000002f81b800 JavaThread "quartzScheduler_Worker-6" [_thread_blocked, id=18548, stack(0x0000000034370000,0x0000000034470000)]
  0x000000002f814000 JavaThread "quartzScheduler_Worker-5" [_thread_blocked, id=20052, stack(0x0000000034270000,0x0000000034370000)]
  0x000000002f81b000 JavaThread "quartzScheduler_Worker-4" [_thread_blocked, id=652, stack(0x0000000033c50000,0x0000000033d50000)]
  0x000000002f81a000 JavaThread "quartzScheduler_Worker-3" [_thread_blocked, id=23992, stack(0x0000000033b50000,0x0000000033c50000)]
  0x000000002f819800 JavaThread "quartzScheduler_Worker-2" [_thread_blocked, id=28440, stack(0x00000000329e0000,0x0000000032ae0000)]
  0x000000002f813800 JavaThread "quartzScheduler_Worker-1" [_thread_blocked, id=24152, stack(0x0000000031b90000,0x0000000031c90000)]
  0x000000002f812800 JavaThread "commons-pool-evictor-thread" [_thread_blocked, id=33552, stack(0x0000000031c90000,0x0000000031d90000)]
  0x00000000262d4000 JavaThread "QuartzScheduler_QuartzSchedulerThread" [_thread_blocked, id=16792, stack(0x0000000033a50000,0x0000000033b50000)]
  0x00000000262d3800 JavaThread "QuartzScheduler_Worker-10" [_thread_blocked, id=2552, stack(0x0000000033950000,0x0000000033a50000)]
  0x00000000262d6800 JavaThread "QuartzScheduler_Worker-9" [_thread_blocked, id=31052, stack(0x0000000033850000,0x0000000033950000)]
  0x00000000262d5800 JavaThread "QuartzScheduler_Worker-8" [_thread_blocked, id=22108, stack(0x0000000033750000,0x0000000033850000)]
  0x00000000262d5000 JavaThread "QuartzScheduler_Worker-7" [_thread_blocked, id=31108, stack(0x0000000033650000,0x0000000033750000)]
  0x00000000262d2800 JavaThread "QuartzScheduler_Worker-6" [_thread_blocked, id=23752, stack(0x0000000033550000,0x0000000033650000)]
  0x00000000262d7000 JavaThread "QuartzScheduler_Worker-5" [_thread_blocked, id=31328, stack(0x0000000033450000,0x0000000033550000)]
  0x00000000262d8000 JavaThread "QuartzScheduler_Worker-4" [_thread_blocked, id=3796, stack(0x00000000328e0000,0x00000000329e0000)]
  0x00000000262d8800 JavaThread "QuartzScheduler_Worker-3" [_thread_blocked, id=28124, stack(0x000000002ea00000,0x000000002eb00000)]
  0x00000000262d9800 JavaThread "QuartzScheduler_Worker-2" [_thread_blocked, id=13304, stack(0x000000002a740000,0x000000002a840000)]
  0x000000002fefc800 JavaThread "QuartzScheduler_Worker-1" [_thread_blocked, id=30924, stack(0x0000000028450000,0x0000000028550000)]
  0x0000000020be5000 JavaThread "Druid-ConnectionPool-Destroy-817858590" daemon [_thread_blocked, id=18032, stack(0x0000000028120000,0x0000000028220000)]
  0x0000000023946800 JavaThread "Druid-ConnectionPool-Create-817858590" daemon [_thread_blocked, id=21620, stack(0x0000000024a30000,0x0000000024b30000)]
  0x0000000020fd9000 JavaThread "Abandoned connection cleanup thread" daemon [_thread_blocked, id=25108, stack(0x0000000022b30000,0x0000000022c30000)]
  0x000000001fc65800 JavaThread "Service Thread" daemon [_thread_blocked, id=28000, stack(0x0000000020440000,0x0000000020540000)]
  0x000000001fbcd800 JavaThread "C1 CompilerThread3" daemon [_thread_in_native, id=33716, stack(0x0000000020340000,0x0000000020440000)]
  0x000000001fbcd000 JavaThread "C2 CompilerThread2" daemon [_thread_in_native, id=10200, stack(0x0000000020240000,0x0000000020340000)]
=>0x000000001fbcc000 JavaThread "C2 CompilerThread1" daemon [_thread_in_native, id=11172, stack(0x0000000020140000,0x0000000020240000)]
  0x000000001fbb3000 JavaThread "C2 CompilerThread0" daemon [_thread_in_native, id=9188, stack(0x0000000020040000,0x0000000020140000)]
  0x000000001ee92800 JavaThread "JDWP Command Reader" daemon [_thread_in_native, id=14248, stack(0x000000001f740000,0x000000001f840000)]
  0x000000001ee8f000 JavaThread "JDWP Event Helper Thread" daemon [_thread_blocked, id=18612, stack(0x000000001f640000,0x000000001f740000)]
  0x000000001ee8a800 JavaThread "JDWP Transport Listener: dt_socket" daemon [_thread_blocked, id=31948, stack(0x000000001f540000,0x000000001f640000)]
  0x000000001ee26000 JavaThread "Attach Listener" daemon [_thread_blocked, id=14664, stack(0x000000001f440000,0x000000001f540000)]
  0x000000001ee25000 JavaThread "Signal Dispatcher" daemon [_thread_blocked, id=29368, stack(0x000000001f340000,0x000000001f440000)]
  0x000000001cf05000 JavaThread "Finalizer" daemon [_thread_blocked, id=21116, stack(0x000000001f1e0000,0x000000001f2e0000)]
  0x000000001cefe000 JavaThread "Reference Handler" daemon [_thread_blocked, id=26356, stack(0x000000001ece0000,0x000000001ede0000)]
  0x0000000003519000 JavaThread "main" [_thread_in_Java, id=14352, stack(0x0000000003380000,0x0000000003480000)]

Other Threads:
  0x000000000360e800 VMThread [stack: 0x000000001ebe0000,0x000000001ece0000] [id=6680]
  0x000000001fc07000 WatcherThread [stack: 0x0000000020540000,0x0000000020640000] [id=32556]

VM state:not at safepoint (normal execution)

VM Mutex/Monitor currently owned by a thread: None

Heap:
 PSYoungGen      total 442880K, used 80061K [0x000000076c800000, 0x0000000790980000, 0x00000007c0000000)
  eden space 402432K, 9% used [0x000000076c800000,0x000000076eeb3420,0x0000000785100000)
  from space 40448K, 99% used [0x0000000785100000,0x000000078787c100,0x0000000787880000)
  to   space 49664K, 0% used [0x000000078d900000,0x000000078d900000,0x0000000790980000)
 ParOldGen       total 236544K, used 61662K [0x00000006c5800000, 0x00000006d3f00000, 0x000000076c800000)
  object space 236544K, 26% used [0x00000006c5800000,0x00000006c9437bd0,0x00000006d3f00000)
 Metaspace       used 86988K, capacity 90678K, committed 91008K, reserved 1128448K
  class space    used 10930K, capacity 11557K, committed 11648K, reserved 1048576K

Card table byte_map: [0x0000000012ad0000,0x00000000132b0000] byte_map_base: 0x000000000f4a4000

Marking Bits: (ParMarkBitMap*) 0x000000006317f860
 Begin Bits: [0x0000000013ff0000, 0x0000000017e90000)
 End Bits:   [0x0000000017e90000, 0x000000001bd30000)

Polling page: 0x00000000011b0000

CodeCache: size=245760Kb used=32547Kb max_used=32547Kb free=213212Kb
 bounds [0x0000000003710000, 0x0000000005700000, 0x0000000012710000]
 total_blobs=9786 nmethods=9202 adapters=502
 compilation: enabled

Compilation events (10 events):
Event: 21.960 Thread 0x000000001fbcd800 nmethod 11291 0x00000000056f48d0 code [0x00000000056f4a20, 0x00000000056f4b50]
Event: 21.961 Thread 0x000000001fbcd800 11292       2       java.beans.ThreadGroupContext::getContext (16 bytes)
Event: 21.961 Thread 0x000000001fbcd800 nmethod 11292 0x00000000056f4c10 code [0x00000000056f4d80, 0x00000000056f4f28]
Event: 21.961 Thread 0x000000001fbcd800 11293   !   2       java.beans.WeakIdentityMap::get (278 bytes)
Event: 21.962 Thread 0x000000001fbcd800 nmethod 11293 0x00000000056f5010 code [0x00000000056f5220, 0x00000000056f5e38]
Event: 21.962 Thread 0x000000001fbcd800 11294       2       java.beans.WeakIdentityMap$Entry::isMatched (22 bytes)
Event: 21.962 Thread 0x000000001fbcd800 nmethod 11294 0x00000000056f6890 code [0x00000000056f69e0, 0x00000000056f6b50]
Event: 21.962 Thread 0x000000001fbcd800 11295       1       springfox.documentation.spring.web.readers.operation.OperationModelsProvider::supports (2 bytes)
Event: 21.962 Thread 0x000000001fbcd800 nmethod 11295 0x00000000056f6bd0 code [0x00000000056f6d20, 0x00000000056f6e30]
Event: 21.962 Thread 0x000000001fbcd800 11296       1       springfox.documentation.spi.service.contexts.DocumentationContext::getAdditionalModels (5 bytes)

GC Heap History (10 events):
Event: 12.453 GC heap before
{Heap before GC invocations=14 (full 3):
 PSYoungGen      total 307200K, used 285184K [0x000000076c800000, 0x0000000782980000, 0x00000007c0000000)
  eden space 285184K, 100% used [0x000000076c800000,0x000000077de80000,0x000000077de80000)
  from space 22016K, 0% used [0x000000077f680000,0x000000077f680000,0x0000000780c00000)
  to   space 24576K, 0% used [0x000000077de80000,0x000000077de80000,0x000000077f680000)
 ParOldGen       total 236544K, used 38603K [0x00000006c5800000, 0x00000006d3f00000, 0x000000076c800000)
  object space 236544K, 16% used [0x00000006c5800000,0x00000006c7db2fb8,0x00000006d3f00000)
 Metaspace       used 64367K, capacity 66224K, committed 66432K, reserved 1107968K
  class space    used 8350K, capacity 8746K, committed 8832K, reserved 1048576K
Event: 12.464 GC heap after
Heap after GC invocations=14 (full 3):
 PSYoungGen      total 309760K, used 12985K [0x000000076c800000, 0x0000000784480000, 0x00000007c0000000)
  eden space 285184K, 0% used [0x000000076c800000,0x000000076c800000,0x000000077de80000)
  from space 24576K, 52% used [0x000000077de80000,0x000000077eb2e538,0x000000077f680000)
  to   space 23552K, 0% used [0x0000000782d80000,0x0000000782d80000,0x0000000784480000)
 ParOldGen       total 236544K, used 38611K [0x00000006c5800000, 0x00000006d3f00000, 0x000000076c800000)
  object space 236544K, 16% used [0x00000006c5800000,0x00000006c7db4fb8,0x00000006d3f00000)
 Metaspace       used 64367K, capacity 66224K, committed 66432K, reserved 1107968K
  class space    used 8350K, capacity 8746K, committed 8832K, reserved 1048576K
}
Event: 14.447 GC heap before
{Heap before GC invocations=15 (full 3):
 PSYoungGen      total 309760K, used 298169K [0x000000076c800000, 0x0000000784480000, 0x00000007c0000000)
  eden space 285184K, 100% used [0x000000076c800000,0x000000077de80000,0x000000077de80000)
  from space 24576K, 52% used [0x000000077de80000,0x000000077eb2e538,0x000000077f680000)
  to   space 23552K, 0% used [0x0000000782d80000,0x0000000782d80000,0x0000000784480000)
 ParOldGen       total 236544K, used 38611K [0x00000006c5800000, 0x00000006d3f00000, 0x000000076c800000)
  object space 236544K, 16% used [0x00000006c5800000,0x00000006c7db4fb8,0x00000006d3f00000)
 Metaspace       used 72371K, capacity 74918K, committed 75136K, reserved 1114112K
  class space    used 9342K, capacity 9799K, committed 9856K, reserved 1048576K
Event: 14.469 GC heap after
Heap after GC invocations=15 (full 3):
 PSYoungGen      total 363008K, used 22901K [0x000000076c800000, 0x0000000784a80000, 0x00000007c0000000)
  eden space 339456K, 0% used [0x000000076c800000,0x000000076c800000,0x0000000781380000)
  from space 23552K, 97% used [0x0000000782d80000,0x00000007843dd6a8,0x0000000784480000)
  to   space 26624K, 0% used [0x0000000781380000,0x0000000781380000,0x0000000782d80000)
 ParOldGen       total 236544K, used 38619K [0x00000006c5800000, 0x00000006d3f00000, 0x000000076c800000)
  object space 236544K, 16% used [0x00000006c5800000,0x00000006c7db6fb8,0x00000006d3f00000)
 Metaspace       used 72371K, capacity 74918K, committed 75136K, reserved 1114112K
  class space    used 9342K, capacity 9799K, committed 9856K, reserved 1048576K
}
Event: 16.757 GC heap before
{Heap before GC invocations=16 (full 3):
 PSYoungGen      total 363008K, used 362357K [0x000000076c800000, 0x0000000784a80000, 0x00000007c0000000)
  eden space 339456K, 100% used [0x000000076c800000,0x0000000781380000,0x0000000781380000)
  from space 23552K, 97% used [0x0000000782d80000,0x00000007843dd6a8,0x0000000784480000)
  to   space 26624K, 0% used [0x0000000781380000,0x0000000781380000,0x0000000782d80000)
 ParOldGen       total 236544K, used 38619K [0x00000006c5800000, 0x00000006d3f00000, 0x000000076c800000)
  object space 236544K, 16% used [0x00000006c5800000,0x00000006c7db6fb8,0x00000006d3f00000)
 Metaspace       used 76758K, capacity 79566K, committed 79744K, reserved 1118208K
  class space    used 9571K, capacity 10099K, committed 10112K, reserved 1048576K
Event: 16.790 GC heap after
Heap after GC invocations=16 (full 3):
 PSYoungGen      total 366080K, used 26592K [0x000000076c800000, 0x0000000789880000, 0x00000007c0000000)
  eden space 339456K, 0% used [0x000000076c800000,0x000000076c800000,0x0000000781380000)
  from space 26624K, 99% used [0x0000000781380000,0x0000000782d780b0,0x0000000782d80000)
  to   space 32768K, 0% used [0x0000000787880000,0x0000000787880000,0x0000000789880000)
 ParOldGen       total 236544K, used 45296K [0x00000006c5800000, 0x00000006d3f00000, 0x000000076c800000)
  object space 236544K, 19% used [0x00000006c5800000,0x00000006c843c108,0x00000006d3f00000)
 Metaspace       used 76758K, capacity 79566K, committed 79744K, reserved 1118208K
  class space    used 9571K, capacity 10099K, committed 10112K, reserved 1048576K
}
Event: 18.966 GC heap before
{Heap before GC invocations=17 (full 3):
 PSYoungGen      total 366080K, used 366048K [0x000000076c800000, 0x0000000789880000, 0x00000007c0000000)
  eden space 339456K, 100% used [0x000000076c800000,0x0000000781380000,0x0000000781380000)
  from space 26624K, 99% used [0x0000000781380000,0x0000000782d780b0,0x0000000782d80000)
  to   space 32768K, 0% used [0x0000000787880000,0x0000000787880000,0x0000000789880000)
 ParOldGen       total 236544K, used 45296K [0x00000006c5800000, 0x00000006d3f00000, 0x000000076c800000)
  object space 236544K, 19% used [0x00000006c5800000,0x00000006c843c108,0x00000006d3f00000)
 Metaspace       used 81166K, capacity 84410K, committed 84480K, reserved 1122304K
  class space    used 10113K, capacity 10683K, committed 10752K, reserved 1048576K
Event: 19.003 GC heap after
Heap after GC invocations=17 (full 3):
 PSYoungGen      total 435200K, used 32756K [0x000000076c800000, 0x000000078ab80000, 0x00000007c0000000)
  eden space 402432K, 0% used [0x000000076c800000,0x000000076c800000,0x0000000785100000)
  from space 32768K, 99% used [0x0000000787880000,0x000000078987d2e8,0x0000000789880000)
  to   space 40448K, 0% used [0x0000000785100000,0x0000000785100000,0x0000000787880000)
 ParOldGen       total 236544K, used 53876K [0x00000006c5800000, 0x00000006d3f00000, 0x000000076c800000)
  object space 236544K, 22% used [0x00000006c5800000,0x00000006c8c9d068,0x00000006d3f00000)
 Metaspace       used 81166K, capacity 84410K, committed 84480K, reserved 1122304K
  class space    used 10113K, capacity 10683K, committed 10752K, reserved 1048576K
}
Event: 21.636 GC heap before
{Heap before GC invocations=18 (full 3):
 PSYoungGen      total 435200K, used 435188K [0x000000076c800000, 0x000000078ab80000, 0x00000007c0000000)
  eden space 402432K, 100% used [0x000000076c800000,0x0000000785100000,0x0000000785100000)
  from space 32768K, 99% used [0x0000000787880000,0x000000078987d2e8,0x0000000789880000)
  to   space 40448K, 0% used [0x0000000785100000,0x0000000785100000,0x0000000787880000)
 ParOldGen       total 236544K, used 53876K [0x00000006c5800000, 0x00000006d3f00000, 0x000000076c800000)
  object space 236544K, 22% used [0x00000006c5800000,0x00000006c8c9d068,0x00000006d3f00000)
 Metaspace       used 86784K, capacity 90480K, committed 90752K, reserved 1128448K
  class space    used 10929K, capacity 11556K, committed 11648K, reserved 1048576K
Event: 21.674 GC heap after
Heap after GC invocations=18 (full 3):
 PSYoungGen      total 442880K, used 40432K [0x000000076c800000, 0x0000000790980000, 0x00000007c0000000)
  eden space 402432K, 0% used [0x000000076c800000,0x000000076c800000,0x0000000785100000)
  from space 40448K, 99% used [0x0000000785100000,0x000000078787c100,0x0000000787880000)
  to   space 49664K, 0% used [0x000000078d900000,0x000000078d900000,0x0000000790980000)
 ParOldGen       total 236544K, used 61662K [0x00000006c5800000, 0x00000006d3f00000, 0x000000076c800000)
  object space 236544K, 26% used [0x00000006c5800000,0x00000006c9437bd0,0x00000006d3f00000)
 Metaspace       used 86784K, capacity 90480K, committed 90752K, reserved 1128448K
  class space    used 10929K, capacity 11556K, committed 11648K, reserved 1048576K
}

Deoptimization events (10 events):
Event: 20.997 Thread 0x0000000003519000 Uncommon trap: reason=class_check action=maybe_recompile pc=0x0000000004c0e6a4 method=java.util.AbstractCollection.containsAll(Ljava/util/Collection;)Z @ 1
Event: 21.079 Thread 0x0000000003519000 Uncommon trap: reason=bimorphic action=maybe_recompile pc=0x0000000004165e60 method=org.springframework.beans.factory.support.AbstractBeanFactory.isSingleton(Ljava/lang/String;)Z @ 35
Event: 21.140 Thread 0x0000000003519000 Uncommon trap: reason=bimorphic action=maybe_recompile pc=0x0000000004b852f0 method=sun.reflect.generics.scope.AbstractScope.lookup(Ljava/lang/String;)Ljava/lang/reflect/TypeVariable; @ 4
Event: 21.142 Thread 0x0000000003519000 Uncommon trap: reason=bimorphic action=maybe_recompile pc=0x0000000004b852f0 method=sun.reflect.generics.scope.AbstractScope.lookup(Ljava/lang/String;)Ljava/lang/reflect/TypeVariable; @ 4
Event: 21.142 Thread 0x0000000003519000 Uncommon trap: reason=bimorphic action=maybe_recompile pc=0x0000000004b852f0 method=sun.reflect.generics.scope.AbstractScope.lookup(Ljava/lang/String;)Ljava/lang/reflect/TypeVariable; @ 4
Event: 21.267 Thread 0x0000000003519000 Uncommon trap: reason=unstable_if action=reinterpret pc=0x000000000385e304 method=java.lang.CharacterData.of(I)Ljava/lang/CharacterData; @ 4
Event: 21.334 Thread 0x0000000003519000 Uncommon trap: reason=bimorphic action=maybe_recompile pc=0x00000000050d1848 method=org.springframework.core.annotation.AnnotationUtils.findAnnotation(Ljava/lang/reflect/AnnotatedElement;Ljava/lang/Class;Ljava/util/Set;)Ljava/lang/annotation/Annotation; @
Event: 21.335 Thread 0x0000000003519000 Uncommon trap: reason=bimorphic action=maybe_recompile pc=0x00000000050d1848 method=org.springframework.core.annotation.AnnotationUtils.findAnnotation(Ljava/lang/reflect/AnnotatedElement;Ljava/lang/Class;Ljava/util/Set;)Ljava/lang/annotation/Annotation; @
Event: 21.335 Thread 0x0000000003519000 Uncommon trap: reason=bimorphic action=maybe_recompile pc=0x00000000050d1848 method=org.springframework.core.annotation.AnnotationUtils.findAnnotation(Ljava/lang/reflect/AnnotatedElement;Ljava/lang/Class;Ljava/util/Set;)Ljava/lang/annotation/Annotation; @
Event: 21.335 Thread 0x0000000003519000 Uncommon trap: reason=bimorphic action=maybe_recompile pc=0x00000000050d1848 method=org.springframework.core.annotation.AnnotationUtils.findAnnotation(Ljava/lang/reflect/AnnotatedElement;Ljava/lang/Class;Ljava/util/Set;)Ljava/lang/annotation/Annotation; @

Classes redefined (0 events):
No events

Internal exceptions (10 events):
Event: 21.886 Thread 0x0000000003519000 Exception <a 'java/lang/ClassNotFoundException': com/xyz/modules/biz/service/dto/KeypersoninfoQueryCriteriaBeanInfo> (0x000000076e12f380) thrown at [C:\re\workspace\8-2-build-windows-amd64-cygwin\jdk8u161\10277\hotspot\src\share\vm\classfile\systemDiction
Event: 21.887 Thread 0x0000000003519000 Exception <a 'java/lang/ClassNotFoundException': com/xyz/modules/biz/service/dto/KeypersoninfoQueryCriteriaCustomizer> (0x000000076e15bd00) thrown at [C:\re\workspace\8-2-build-windows-amd64-cygwin\jdk8u161\10277\hotspot\src\share\vm\classfile\systemDicti
Event: 21.913 Thread 0x0000000003519000 Exception <a 'java/lang/ClassNotFoundException': com/xyz/modules/biz/service/dto/LeftbehindQueryCriteriaBeanInfo> (0x000000076e4ab188) thrown at [C:\re\workspace\8-2-build-windows-amd64-cygwin\jdk8u161\10277\hotspot\src\share\vm\classfile\systemDictionary
Event: 21.914 Thread 0x0000000003519000 Exception <a 'java/lang/ClassNotFoundException': com/xyz/modules/biz/service/dto/LeftbehindQueryCriteriaCustomizer> (0x000000076e4d5d58) thrown at [C:\re\workspace\8-2-build-windows-amd64-cygwin\jdk8u161\10277\hotspot\src\share\vm\classfile\systemDictiona
Event: 21.925 Thread 0x0000000003519000 Exception <a 'java/lang/ClassNotFoundException': com/xyz/service/dto/LogQueryCriteriaBeanInfo> (0x000000076e634ca8) thrown at [C:\re\workspace\8-2-build-windows-amd64-cygwin\jdk8u161\10277\hotspot\src\share\vm\classfile\systemDictionary.cpp, line 210]
Event: 21.925 Thread 0x0000000003519000 Exception <a 'java/lang/ClassNotFoundException': com/xyz/service/dto/LogQueryCriteriaCustomizer> (0x000000076e656808) thrown at [C:\re\workspace\8-2-build-windows-amd64-cygwin\jdk8u161\10277\hotspot\src\share\vm\classfile\systemDictionary.cpp, line 210]
Event: 21.941 Thread 0x0000000003519000 Exception <a 'java/lang/ClassNotFoundException': com/xyz/modules/biz/service/dto/MajorcaseInfoQueryCriteriaBeanInfo> (0x000000076e7dda48) thrown at [C:\re\workspace\8-2-build-windows-amd64-cygwin\jdk8u161\10277\hotspot\src\share\vm\classfile\systemDiction
Event: 21.942 Thread 0x0000000003519000 Exception <a 'java/lang/ClassNotFoundException': com/xyz/modules/biz/service/dto/MajorcaseInfoQueryCriteriaCustomizer> (0x000000076e80a3c8) thrown at [C:\re\workspace\8-2-build-windows-amd64-cygwin\jdk8u161\10277\hotspot\src\share\vm\classfile\systemDicti
Event: 21.958 Thread 0x0000000003519000 Exception <a 'java/lang/ClassNotFoundException': com/xyz/modules/biz/service/dto/ManagecenterInfoQueryCriteriaBeanInfo> (0x000000076ea4e878) thrown at [C:\re\workspace\8-2-build-windows-amd64-cygwin\jdk8u161\10277\hotspot\src\share\vm\classfile\systemDict
Event: 21.958 Thread 0x0000000003519000 Exception <a 'java/lang/ClassNotFoundException': com/xyz/modules/biz/service/dto/ManagecenterInfoQueryCriteriaCustomizer> (0x000000076ea7c6c0) thrown at [C:\re\workspace\8-2-build-windows-amd64-cygwin\jdk8u161\10277\hotspot\src\share\vm\classfile\systemDi

Events (10 events):
Event: 21.958 Thread 0x0000000003519000 DEOPT PACKING pc=0x00000000040b29c0 sp=0x000000000347c750
Event: 21.958 Thread 0x0000000003519000 DEOPT UNPACKING pc=0x0000000003757890 sp=0x000000000347c448 mode 1
Event: 21.958 Thread 0x0000000003519000 DEOPT PACKING pc=0x000000000430a394 sp=0x000000000347d0b0
Event: 21.958 Thread 0x0000000003519000 DEOPT UNPACKING pc=0x0000000003757890 sp=0x000000000347cdb0 mode 1
Event: 21.958 Thread 0x0000000003519000 DEOPT PACKING pc=0x0000000004a4b024 sp=0x000000000347d0f0
Event: 21.958 Thread 0x0000000003519000 DEOPT UNPACKING pc=0x0000000003757890 sp=0x000000000347cef8 mode 1
Event: 21.958 loading class com/xyz/modules/biz/service/dto/ManagecenterInfoQueryCriteriaCustomizer
Event: 21.958 loading class com/xyz/modules/biz/service/dto/ManagecenterInfoQueryCriteriaCustomizer done
Event: 21.958 Thread 0x0000000003519000 DEOPT PACKING pc=0x0000000004991d14 sp=0x000000000347d160
Event: 21.958 Thread 0x0000000003519000 DEOPT UNPACKING pc=0x0000000003757890 sp=0x000000000347ce88 mode 1


Dynamic libraries:
0x00007ff7dc680000 - 0x00007ff7dc6b7000 	D:\java\jdk\bin\java.exe
0x00007ffc68da0000 - 0x00007ffc68f90000 	C:\WINDOWS\SYSTEM32\ntdll.dll
0x00007ffc67200000 - 0x00007ffc672b2000 	C:\WINDOWS\System32\KERNEL32.DLL
0x00007ffc65d90000 - 0x00007ffc66033000 	C:\WINDOWS\System32\KERNELBASE.dll
0x00007ffc63ea0000 - 0x00007ffc63f2f000 	C:\WINDOWS\SYSTEM32\apphelp.dll
0x00007ffc67d90000 - 0x00007ffc67e33000 	C:\WINDOWS\System32\ADVAPI32.dll
0x00007ffc66fa0000 - 0x00007ffc6703e000 	C:\WINDOWS\System32\msvcrt.dll
0x00007ffc67e40000 - 0x00007ffc67ed7000 	C:\WINDOWS\System32\sechost.dll
0x00007ffc67570000 - 0x00007ffc67690000 	C:\WINDOWS\System32\RPCRT4.dll
0x00007ffc67370000 - 0x00007ffc67504000 	C:\WINDOWS\System32\USER32.dll
0x00007ffc66340000 - 0x00007ffc66361000 	C:\WINDOWS\System32\win32u.dll
0x00007ffc67d60000 - 0x00007ffc67d86000 	C:\WINDOWS\System32\GDI32.dll
0x00007ffc664c0000 - 0x00007ffc66654000 	C:\WINDOWS\System32\gdi32full.dll
0x00007ffc66420000 - 0x00007ffc664be000 	C:\WINDOWS\System32\msvcp_win.dll
0x00007ffc661c0000 - 0x00007ffc662ba000 	C:\WINDOWS\System32\ucrtbase.dll
0x00007ffc53730000 - 0x00007ffc539b5000 	C:\WINDOWS\WinSxS\amd64_microsoft.windows.common-controls_6595b64144ccf1df_6.0.18362.720_none_e6beb5c51314836b\COMCTL32.dll
0x00007ffc67980000 - 0x00007ffc67cb6000 	C:\WINDOWS\System32\combase.dll
0x00007ffc662c0000 - 0x00007ffc66340000 	C:\WINDOWS\System32\bcryptPrimitives.dll
0x00007ffc67cd0000 - 0x00007ffc67cfe000 	C:\WINDOWS\System32\IMM32.DLL
0x0000000064180000 - 0x0000000064252000 	D:\java\jdk\jre\bin\msvcr100.dll
0x0000000062960000 - 0x00000000631ff000 	D:\java\jdk\jre\bin\server\jvm.dll
0x00007ffc66f90000 - 0x00007ffc66f98000 	C:\WINDOWS\System32\PSAPI.DLL
0x00007ffc50ae0000 - 0x00007ffc50ae9000 	C:\WINDOWS\SYSTEM32\WSOCK32.dll
0x00007ffc60ca0000 - 0x00007ffc60caa000 	C:\WINDOWS\SYSTEM32\VERSION.dll
0x00007ffc60c70000 - 0x00007ffc60c94000 	C:\WINDOWS\SYSTEM32\WINMM.dll
0x00007ffc67910000 - 0x00007ffc6797f000 	C:\WINDOWS\System32\WS2_32.dll
0x00007ffc609b0000 - 0x00007ffc609dd000 	C:\WINDOWS\SYSTEM32\winmmbase.dll
0x00007ffc66660000 - 0x00007ffc666aa000 	C:\WINDOWS\System32\cfgmgr32.dll
0x0000000064170000 - 0x000000006417f000 	D:\java\jdk\jre\bin\verify.dll
0x0000000064140000 - 0x0000000064169000 	D:\java\jdk\jre\bin\java.dll
0x0000000062920000 - 0x0000000062955000 	D:\java\jdk\jre\bin\jdwp.dll
0x00000000640d0000 - 0x00000000640d8000 	D:\java\jdk\jre\bin\npt.dll
0x00000000628f0000 - 0x0000000062913000 	D:\java\jdk\jre\bin\instrument.dll
0x0000000064120000 - 0x0000000064136000 	D:\java\jdk\jre\bin\zip.dll
0x00007ffc685a0000 - 0x00007ffc68c85000 	C:\WINDOWS\System32\SHELL32.dll
0x00007ffc672c0000 - 0x00007ffc67369000 	C:\WINDOWS\System32\shcore.dll
0x00007ffc666d0000 - 0x00007ffc66e50000 	C:\WINDOWS\System32\windows.storage.dll
0x00007ffc65c90000 - 0x00007ffc65cb3000 	C:\WINDOWS\System32\profapi.dll
0x00007ffc65ce0000 - 0x00007ffc65d2a000 	C:\WINDOWS\System32\powrprof.dll
0x00007ffc65c60000 - 0x00007ffc65c70000 	C:\WINDOWS\System32\UMPDC.dll
0x00007ffc67510000 - 0x00007ffc67562000 	C:\WINDOWS\System32\shlwapi.dll
0x00007ffc65c70000 - 0x00007ffc65c81000 	C:\WINDOWS\System32\kernel.appcore.dll
0x00007ffc666b0000 - 0x00007ffc666c7000 	C:\WINDOWS\System32\cryptsp.dll
0x00000000628e0000 - 0x00000000628e9000 	D:\java\jdk\jre\bin\dt_socket.dll
0x00007ffc65480000 - 0x00007ffc654e7000 	C:\WINDOWS\system32\mswsock.dll
0x0000000064100000 - 0x000000006411a000 	D:\java\jdk\jre\bin\net.dll
0x00007ffc56de0000 - 0x00007ffc56e13000 	C:\Program Files (x86)\Sangfor\SSL\ClientComponent\2_SangforNspX64.dll
0x00007ffc67040000 - 0x00007ffc67197000 	C:\WINDOWS\System32\ole32.dll
0x00007ffc68c90000 - 0x00007ffc68d54000 	C:\WINDOWS\System32\OLEAUT32.dll
0x00007ffc4f330000 - 0x00007ffc4f346000 	C:\WINDOWS\system32\napinsp.dll
0x00007ffc4f310000 - 0x00007ffc4f32a000 	C:\WINDOWS\system32\pnrpnsp.dll
0x00007ffc651e0000 - 0x00007ffc652aa000 	C:\WINDOWS\SYSTEM32\DNSAPI.dll
0x00007ffc67cc0000 - 0x00007ffc67cc8000 	C:\WINDOWS\System32\NSI.dll
0x00007ffc651a0000 - 0x00007ffc651da000 	C:\WINDOWS\SYSTEM32\IPHLPAPI.DLL
0x00007ffc4f090000 - 0x00007ffc4f09e000 	C:\WINDOWS\System32\winrnr.dll
0x00007ffc62860000 - 0x00007ffc6287c000 	C:\WINDOWS\system32\NLAapi.dll
0x00007ffc4f070000 - 0x00007ffc4f085000 	C:\WINDOWS\system32\wshbth.dll
0x00007ffc56e20000 - 0x00007ffc56e2a000 	C:\Windows\System32\rasadhlp.dll
0x00007ffc5e940000 - 0x00007ffc5e9b7000 	C:\WINDOWS\System32\fwpuclnt.dll
0x00007ffc66190000 - 0x00007ffc661b6000 	C:\WINDOWS\System32\bcrypt.dll
0x00000000640e0000 - 0x00000000640f1000 	D:\java\jdk\jre\bin\nio.dll
0x00000000628d0000 - 0x00000000628dd000 	D:\java\jdk\jre\bin\management.dll
0x00007ffc65000000 - 0x00007ffc65033000 	C:\WINDOWS\system32\rsaenh.dll
0x00007ffc65b80000 - 0x00007ffc65ba5000 	C:\WINDOWS\SYSTEM32\USERENV.dll
0x00007ffc65600000 - 0x00007ffc6560c000 	C:\WINDOWS\SYSTEM32\CRYPTBASE.dll
0x00007ffc5f250000 - 0x00007ffc5f266000 	C:\WINDOWS\SYSTEM32\dhcpcsvc6.DLL
0x00007ffc5f230000 - 0x00007ffc5f24c000 	C:\WINDOWS\SYSTEM32\dhcpcsvc.DLL

VM Arguments:
jvm_args: -agentlib:jdwp=transport=dt_socket,address=127.0.0.1:1077,suspend=y,server=n -ea -Didea.test.cyclic.buffer.size=1048576 -javaagent:D:\java\idea\plugins\java\lib\rt\debugger-agent.jar -Dfile.encoding=UTF-8 
java_command: com.intellij.rt.junit.JUnitStarter -ideVersion5 -junit4 com.xyz.biz.BizBuildHeadInfSaveOrUpdateTest,testUpdate
java_class_path (initial): D:\java\idea\lib\idea_rt.jar;D:\java\idea\plugins\junit\lib\junit5-rt.jar;D:\java\idea\plugins\junit\lib\junit-rt.jar;D:\java\jdk\jre\lib\charsets.jar;D:\java\jdk\jre\lib\deploy.jar;D:\java\jdk\jre\lib\ext\access-bridge-64.jar;D:\java\jdk\jre\lib\ext\cldrdata.jar;D:\java\jdk\jre\lib\ext\dnsns.jar;D:\java\jdk\jre\lib\ext\jaccess.jar;D:\java\jdk\jre\lib\ext\jfxrt.jar;D:\java\jdk\jre\lib\ext\localedata.jar;D:\java\jdk\jre\lib\ext\nashorn.jar;D:\java\jdk\jre\lib\ext\sunec.jar;D:\java\jdk\jre\lib\ext\sunjce_provider.jar;D:\java\jdk\jre\lib\ext\sunmscapi.jar;D:\java\jdk\jre\lib\ext\sunpkcs11.jar;D:\java\jdk\jre\lib\ext\zipfs.jar;D:\java\jdk\jre\lib\javaws.jar;D:\java\jdk\jre\lib\jce.jar;D:\java\jdk\jre\lib\jfr.jar;D:\java\jdk\jre\lib\jfxswt.jar;D:\java\jdk\jre\lib\jsse.jar;D:\java\jdk\jre\lib\management-agent.jar;D:\java\jdk\jre\lib\plugin.jar;D:\java\jdk\jre\lib\resources.jar;D:\java\jdk\jre\lib\rt.jar;D:\codes\zongzhi\biz_gov_admin\ccf-system\target\test-classes;D:\codes\zongzhi\biz_gov_admin\ccf-system\target\classes;E:\java\jars\com\xyz\ccf-tools\2.1\ccf-tools-2.1.jar;E:\java\jars\com\xyz\ccf-logging\2.1\ccf-logging-2.1.jar;E:\java\jars\javax\mail\mail\1.4.7\mail-1.4.7.jar;E:\java\jars\javax\activation\activation\1.1\activation-1.1.jar;E:\java\jars\com\github\tobato\fastdfs-client\1.26.5\fastdfs-client-1.26.5.jar;E:\java\jars\org\slf4j\jcl-over-slf4j\1.7.25\jcl-over-slf4j-1.7.25.jar;E:\java\jars\ch\qos\logback\logback-classic\1.2.3\logback-classic-1.2.3.jar;E:\java\jars\ch\qos\logback\logback-core\1.2.3\logback-core-1.2.3.jar;E:\java\jars\commons-beanutils\commons-beanutils\1.9.1\commons-beanutils-1.9.1.jar;E:\java\jars\commons-collections\commons-collections\3.2.1\commons-collections-3.2.1.jar;E:\java\jars\commons-io\commons-io\2.4\commons-io-2.4.jar;E:\java\jars\net\coobird\thumbnailator\0.4.8\thumbnailator-0.4.8.jar;E:\java\jars\io\jsonwebtoken\jjwt\0.9.1\jjwt-0.9.1.jar;E:\java\jars\com\fasterxml\jackson\core\jackson-databind\2.9.7\jack
Launcher Type: SUN_STANDARD

Environment Variables:
JAVA_HOME=D:\java\jdk
CLASSPATH=.;D:\java\jdk\lib\dt.jar;D:\java\jdk\lib\tools.jar;D:\java\jars\Access_JDBC30.jar
PATH=C:\ProgramData\Oracle\Java\javapath;D:\java\Python\Scripts\;D:\java\Python\;C:\Program Files (x86)\Intel\Intel(R) Management Engine Components\iCLS\;C:\Program Files\Intel\Intel(R) Management Engine Components\iCLS\;D:\java\app\dell\product\11.2.0\dbhome_1\bin;C:\Windows\system32;C:\Windows;C:\Windows\System32\Wbem;C:\Windows\System32\WindowsPowerShell\v1.0\;C:\WINDOWS\system32;C:\WINDOWS;C:\WINDOWS\System32\Wbem;C:\WINDOWS\System32\WindowsPowerShell\v1.0\;D:\java\rabbitmq\rabbitmq_server-3.6.10\sbin;D:\java\maven\bin;D:\softs\ffmpeg\bin;C:\WINDOWS\System32\OpenSSH\;D:\java\VS Code\bin;C:\Program Files (x86)\Intel\Intel(R) Management Engine Components\DAL;C:\Program Files\Intel\Intel(R) Management Engine Components\DAL;C:\Program Files (x86)\Intel\Intel(R) Management Engine Components\IPT;C:\Program Files\Intel\Intel(R) Management Engine Components\IPT;D:\java\idea-2018-3\plugins\maven\lib\maven3\bin;C:\Program Files\NVIDIA Corporation\NVIDIA NvDLISR;C:\Program Files (x86)\NVIDIA Corporation\PhysX\Common;D:\java\node\;C:\Program Files\Intel\WiFi\bin\;C:\Program Files\Common Files\Intel\WirelessCommon\;d:\java\Git\cmd;D:\java\totGit\bin;C:\WINDOWS\system32;C:\WINDOWS;C:\WINDOWS\System32\Wbem;C:\WINDOWS\System32\WindowsPowerShell\v1.0\;C:\WINDOWS\System32\OpenSSH\;C:\Users\dell\AppData\Local\Microsoft\WindowsApps;%ERLANG_HOME%\bin;%CATALINA_HOME%\lib;%CATALINA_HOME%\bin;D:\java\apache-http-ab\Apache24\bin;D:\java\VS Code\bin;C:\Program Files\Intel\WiFi\bin\;C:\Program Files\Common Files\Intel\WirelessCommon\;"D:\java\jdk\bin;";D:\java\DataGrip-2019\bin;D:\java\flutter\bin;C:\Users\dell\AppData\Roaming\npm;D:\java\idea\bin;;C:\Users\dell\AppData\Local\Microsoft\WindowsApps;
USERNAME=dell
OS=Windows_NT
PROCESSOR_IDENTIFIER=Intel64 Family 6 Model 158 Stepping 9, GenuineIntel



---------------  S Y S T E M  ---------------

OS: Windows 10.0 , 64 bit Build 18362 (10.0.18362.329)

CPU:total 8 (initial active 8) (4 cores per cpu, 2 threads per core) family 6 model 158 stepping 9, cmov, cx8, fxsr, mmx, sse, sse2, sse3, ssse3, sse4.1, sse4.2, popcnt, avx, avx2, aes, clmul, erms, 3dnowpref, lzcnt, ht, tsc, tscinvbit, bmi1, bmi2, adx

Memory: 4k page, physical 16409480k(2514340k free), swap 26795120k(7628k free)

vm_info: Java HotSpot(TM) 64-Bit Server VM (25.161-b12) for windows-amd64 JRE (1.8.0_161-b12), built on Dec 19 2017 17:52:25 by "java_re" with MS VC++ 10.0 (VS2010)

time: Sun Apr 12 15:14:22 2020
elapsed time: 21 seconds (0d 0h 0m 21s)

