#
# There is insufficient memory for the Java Runtime Environment to continue.
# Native memory allocation (malloc) failed to allocate 32744 bytes for ChunkPool::allocate
# Possible reasons:
#   The system is out of physical RAM or swap space
#   In 32 bit mode, the process size limit was hit
# Possible solutions:
#   Reduce memory load on the system
#   Increase physical memory or swap space
#   Check if swap backing store is full
#   Use 64 bit Java on a 64 bit OS
#   Decrease Java heap size (-Xmx/-Xms)
#   Decrease number of Java threads
#   Decrease Java thread stack sizes (-Xss)
#   Set larger code cache with -XX:ReservedCodeCacheSize=
# This output file may be truncated or incomplete.
#
#  Out of Memory Error (allocation.cpp:273), pid=14648, tid=0x0000000000000554
#
# JRE version: Java(TM) SE Runtime Environment (8.0_161-b12) (build 1.8.0_161-b12)
# Java VM: Java HotSpot(TM) 64-Bit Server VM (25.161-b12 mixed mode windows-amd64 compressed oops)
# Failed to write core dump. Minidumps are not enabled by default on client versions of Windows
#

---------------  T H R E A D  ---------------

Current thread (0x000000001f249000):  JavaThread "C2 CompilerThread2" daemon [_thread_in_native, id=1364, stack(0x000000001f8c0000,0x000000001f9c0000)]

Stack: [0x000000001f8c0000,0x000000001f9c0000]
[error occurred during error reporting (printing stack bounds), id 0xc0000005]

Native frames: (J=compiled Java code, j=interpreted, Vv=VM code, C=native code)


Current CompileTask:
C2:  23475 10744       4       com.fasterxml.classmate.TypeResolver::_fromAny (153 bytes)


---------------  P R O C E S S  ---------------

Java Threads: ( => current thread )
  0x0000000025739000 JavaThread "quartzScheduler_QuartzSchedulerThread" [_thread_blocked, id=3000, stack(0x0000000035d90000,0x0000000035e90000)]
  0x0000000025738000 JavaThread "quartzScheduler_Worker-10" [_thread_blocked, id=27912, stack(0x0000000035c90000,0x0000000035d90000)]
  0x0000000025737800 JavaThread "quartzScheduler_Worker-9" [_thread_blocked, id=28496, stack(0x0000000035b90000,0x0000000035c90000)]
  0x000000002573b000 JavaThread "quartzScheduler_Worker-8" [_thread_blocked, id=32988, stack(0x0000000035a90000,0x0000000035b90000)]
  0x000000002572e800 JavaThread "quartzScheduler_Worker-7" [_thread_blocked, id=10792, stack(0x0000000035990000,0x0000000035a90000)]
  0x0000000025735000 JavaThread "quartzScheduler_Worker-6" [_thread_blocked, id=33688, stack(0x0000000035890000,0x0000000035990000)]
  0x000000002572d800 JavaThread "quartzScheduler_Worker-5" [_thread_blocked, id=17920, stack(0x0000000035790000,0x0000000035890000)]
  0x0000000025734800 JavaThread "quartzScheduler_Worker-4" [_thread_blocked, id=24084, stack(0x0000000035690000,0x0000000035790000)]
  0x0000000025730800 JavaThread "quartzScheduler_Worker-3" [_thread_blocked, id=27072, stack(0x0000000035590000,0x0000000035690000)]
  0x0000000025730000 JavaThread "quartzScheduler_Worker-2" [_thread_blocked, id=13340, stack(0x0000000033f30000,0x0000000034030000)]
  0x000000002572d000 JavaThread "quartzScheduler_Worker-1" [_thread_blocked, id=31964, stack(0x0000000033e30000,0x0000000033f30000)]
  0x000000002572c000 JavaThread "commons-pool-evictor-thread" [_thread_blocked, id=33616, stack(0x0000000033bd0000,0x0000000033cd0000)]
  0x0000000025731800 JavaThread "QuartzScheduler_QuartzSchedulerThread" [_thread_blocked, id=27932, stack(0x0000000033d30000,0x0000000033e30000)]
  0x0000000025733000 JavaThread "QuartzScheduler_Worker-10" [_thread_blocked, id=29708, stack(0x0000000033880000,0x0000000033980000)]
  0x0000000025732000 JavaThread "QuartzScheduler_Worker-9" [_thread_blocked, id=32640, stack(0x0000000033780000,0x0000000033880000)]
  0x000000002a484000 JavaThread "QuartzScheduler_Worker-8" [_thread_blocked, id=33332, stack(0x0000000033680000,0x0000000033780000)]
  0x000000002a483800 JavaThread "QuartzScheduler_Worker-7" [_thread_blocked, id=24596, stack(0x0000000033580000,0x0000000033680000)]
  0x000000002a486800 JavaThread "QuartzScheduler_Worker-6" [_thread_blocked, id=29212, stack(0x0000000033480000,0x0000000033580000)]
  0x000000002a481000 JavaThread "QuartzScheduler_Worker-5" [_thread_blocked, id=29148, stack(0x0000000032ed0000,0x0000000032fd0000)]
  0x000000002a485800 JavaThread "QuartzScheduler_Worker-4" [_thread_blocked, id=31620, stack(0x0000000032cd0000,0x0000000032dd0000)]
  0x000000002a482000 JavaThread "QuartzScheduler_Worker-3" [_thread_blocked, id=30776, stack(0x00000000325b0000,0x00000000326b0000)]
  0x000000002a485000 JavaThread "QuartzScheduler_Worker-2" [_thread_blocked, id=23260, stack(0x0000000031df0000,0x0000000031ef0000)]
  0x000000002a482800 JavaThread "QuartzScheduler_Worker-1" [_thread_blocked, id=32308, stack(0x000000002f8e0000,0x000000002f9e0000)]
  0x00000000216c2800 JavaThread "Druid-ConnectionPool-Destroy-1081132287" daemon [_thread_blocked, id=20204, stack(0x000000002f3e0000,0x000000002f4e0000)]
  0x00000000216bf000 JavaThread "Druid-ConnectionPool-Create-1081132287" daemon [_thread_blocked, id=22012, stack(0x00000000241f0000,0x00000000242f0000)]
  0x00000000216c2000 JavaThread "Abandoned connection cleanup thread" daemon [_thread_blocked, id=29868, stack(0x0000000022100000,0x0000000022200000)]
  0x000000001f24a800 JavaThread "Service Thread" daemon [_thread_blocked, id=19424, stack(0x000000001fac0000,0x000000001fbc0000)]
  0x000000001f249800 JavaThread "C1 CompilerThread3" daemon [_thread_blocked, id=25792, stack(0x000000001f9c0000,0x000000001fac0000)]
=>0x000000001f249000 JavaThread "C2 CompilerThread2" daemon [_thread_in_native, id=1364, stack(0x000000001f8c0000,0x000000001f9c0000)]
  0x000000001f248000 JavaThread "C2 CompilerThread1" daemon [_thread_in_native, id=19316, stack(0x000000001f7c0000,0x000000001f8c0000)]
  0x000000001f247800 JavaThread "C2 CompilerThread0" daemon [_thread_in_native, id=14840, stack(0x000000001f6c0000,0x000000001f7c0000)]
  0x000000001e571000 JavaThread "JDWP Command Reader" daemon [_thread_in_native, id=9100, stack(0x000000001edc0000,0x000000001eec0000)]
  0x000000001e570000 JavaThread "JDWP Event Helper Thread" daemon [_thread_blocked, id=11372, stack(0x000000001ecc0000,0x000000001edc0000)]
  0x000000001e561800 JavaThread "JDWP Transport Listener: dt_socket" daemon [_thread_blocked, id=8668, stack(0x000000001ebc0000,0x000000001ecc0000)]
  0x000000001e55c000 JavaThread "Attach Listener" daemon [_thread_blocked, id=30456, stack(0x000000001eac0000,0x000000001ebc0000)]
  0x000000001e505000 JavaThread "Signal Dispatcher" daemon [_thread_blocked, id=19328, stack(0x000000001e9c0000,0x000000001eac0000)]
  0x000000001c5e5000 JavaThread "Finalizer" daemon [_thread_blocked, id=20380, stack(0x000000001e8c0000,0x000000001e9c0000)]
  0x000000001c5de000 JavaThread "Reference Handler" daemon [_thread_blocked, id=26024, stack(0x000000001e3c0000,0x000000001e4c0000)]
  0x0000000002af9000 JavaThread "main" [_thread_in_native, id=10444, stack(0x00000000029f0000,0x0000000002af0000)]

Other Threads:
  0x0000000002bee800 VMThread [stack: 0x000000001e2c0000,0x000000001e3c0000] [id=23640]
  0x000000001f3cf800 WatcherThread [stack: 0x000000001fbc0000,0x000000001fcc0000] [id=11248]

VM state:not at safepoint (normal execution)

VM Mutex/Monitor currently owned by a thread: None

Heap:
 PSYoungGen      total 416256K, used 251213K [0x000000076c800000, 0x000000078e980000, 0x00000007c0000000)
  eden space 376320K, 56% used [0x000000076c800000,0x0000000779656118,0x0000000783780000)
  from space 39936K, 99% used [0x0000000783780000,0x0000000785e7d348,0x0000000785e80000)
  to   space 48640K, 0% used [0x000000078ba00000,0x000000078ba00000,0x000000078e980000)
 ParOldGen       total 245760K, used 60691K [0x00000006c5800000, 0x00000006d4800000, 0x000000076c800000)
  object space 245760K, 24% used [0x00000006c5800000,0x00000006c9344f78,0x00000006d4800000)
 Metaspace       used 89558K, capacity 93286K, committed 93568K, reserved 1130496K
  class space    used 11212K, capacity 11835K, committed 11904K, reserved 1048576K

Card table byte_map: [0x00000000121b0000,0x0000000012990000] byte_map_base: 0x000000000eb84000

Marking Bits: (ParMarkBitMap*) 0x000000006317f860
 Begin Bits: [0x00000000136d0000, 0x0000000017570000)
 End Bits:   [0x0000000017570000, 0x000000001b410000)

Polling page: 0x0000000000710000

CodeCache: size=245760Kb used=35265Kb max_used=35265Kb free=210494Kb
 bounds [0x0000000002df0000, 0x0000000005090000, 0x0000000011df0000]
 total_blobs=10160 nmethods=9567 adapters=511
 compilation: enabled

Compilation events (10 events):
Event: 23.440 Thread 0x000000001f249800 11887       2       java.io.StringReader::ensureOpen (18 bytes)
Event: 23.440 Thread 0x000000001f249800 nmethod 11887 0x0000000005087bd0 code [0x0000000005087d40, 0x0000000005087f48]
Event: 23.440 Thread 0x000000001f249800 11888       2       antlr.LLkParser::LA (12 bytes)
Event: 23.440 Thread 0x000000001f249800 nmethod 11888 0x0000000005088010 code [0x0000000005088180, 0x0000000005088388]
Event: 23.441 Thread 0x000000001f249800 11889       2       antlr.TokenBuffer::LA (24 bytes)
Event: 23.441 Thread 0x000000001f249800 nmethod 11889 0x00000000050885d0 code [0x0000000005088740, 0x0000000005088928]
Event: 23.441 Thread 0x000000001f249800 11890       2       antlr.ASTPair::advanceChildToEnd (36 bytes)
Event: 23.441 Thread 0x000000001f249800 nmethod 11890 0x0000000005088ad0 code [0x0000000005088c40, 0x0000000005088e98]
Event: 23.449 Thread 0x000000001f249800 11891       2       java.util.LinkedList$ListItr::set (28 bytes)
Event: 23.449 Thread 0x000000001f249800 nmethod 11891 0x0000000005088f90 code [0x0000000005089120, 0x0000000005089438]

GC Heap History (10 events):
Event: 12.701 GC heap before
{Heap before GC invocations=14 (full 3):
 PSYoungGen      total 295424K, used 272896K [0x000000076c800000, 0x0000000781e00000, 0x00000007c0000000)
  eden space 272896K, 100% used [0x000000076c800000,0x000000077d280000,0x000000077d280000)
  from space 22528K, 0% used [0x000000077eb00000,0x000000077eb00000,0x0000000780100000)
  to   space 25088K, 0% used [0x000000077d280000,0x000000077d280000,0x000000077eb00000)
 ParOldGen       total 245760K, used 38458K [0x00000006c5800000, 0x00000006d4800000, 0x000000076c800000)
  object space 245760K, 15% used [0x00000006c5800000,0x00000006c7d8e9b8,0x00000006d4800000)
 Metaspace       used 64332K, capacity 66192K, committed 66432K, reserved 1107968K
  class space    used 8346K, capacity 8714K, committed 8832K, reserved 1048576K
Event: 12.713 GC heap after
Heap after GC invocations=14 (full 3):
 PSYoungGen      total 297984K, used 12929K [0x000000076c800000, 0x0000000783200000, 0x00000007c0000000)
  eden space 272896K, 0% used [0x000000076c800000,0x000000076c800000,0x000000077d280000)
  from space 25088K, 51% used [0x000000077d280000,0x000000077df20418,0x000000077eb00000)
  to   space 24064K, 0% used [0x0000000781a80000,0x0000000781a80000,0x0000000783200000)
 ParOldGen       total 245760K, used 38466K [0x00000006c5800000, 0x00000006d4800000, 0x000000076c800000)
  object space 245760K, 15% used [0x00000006c5800000,0x00000006c7d909b8,0x00000006d4800000)
 Metaspace       used 64332K, capacity 66192K, committed 66432K, reserved 1107968K
  class space    used 8346K, capacity 8714K, committed 8832K, reserved 1048576K
}
Event: 14.781 GC heap before
{Heap before GC invocations=15 (full 3):
 PSYoungGen      total 297984K, used 285825K [0x000000076c800000, 0x0000000783200000, 0x00000007c0000000)
  eden space 272896K, 100% used [0x000000076c800000,0x000000077d280000,0x000000077d280000)
  from space 25088K, 51% used [0x000000077d280000,0x000000077df20418,0x000000077eb00000)
  to   space 24064K, 0% used [0x0000000781a80000,0x0000000781a80000,0x0000000783200000)
 ParOldGen       total 245760K, used 38466K [0x00000006c5800000, 0x00000006d4800000, 0x000000076c800000)
  object space 245760K, 15% used [0x00000006c5800000,0x00000006c7d909b8,0x00000006d4800000)
 Metaspace       used 71724K, capacity 74280K, committed 74496K, reserved 1114112K
  class space    used 9266K, capacity 9726K, committed 9728K, reserved 1048576K
Event: 14.805 GC heap after
Heap after GC invocations=15 (full 3):
 PSYoungGen      total 344576K, used 21353K [0x000000076c800000, 0x0000000783680000, 0x00000007c0000000)
  eden space 320512K, 0% used [0x000000076c800000,0x000000076c800000,0x0000000780100000)
  from space 24064K, 88% used [0x0000000781a80000,0x0000000782f5a4b8,0x0000000783200000)
  to   space 26112K, 0% used [0x0000000780100000,0x0000000780100000,0x0000000781a80000)
 ParOldGen       total 245760K, used 38482K [0x00000006c5800000, 0x00000006d4800000, 0x000000076c800000)
  object space 245760K, 15% used [0x00000006c5800000,0x00000006c7d949b8,0x00000006d4800000)
 Metaspace       used 71724K, capacity 74280K, committed 74496K, reserved 1114112K
  class space    used 9266K, capacity 9726K, committed 9728K, reserved 1048576K
}
Event: 17.173 GC heap before
{Heap before GC invocations=16 (full 3):
 PSYoungGen      total 344576K, used 341865K [0x000000076c800000, 0x0000000783680000, 0x00000007c0000000)
  eden space 320512K, 100% used [0x000000076c800000,0x0000000780100000,0x0000000780100000)
  from space 24064K, 88% used [0x0000000781a80000,0x0000000782f5a4b8,0x0000000783200000)
  to   space 26112K, 0% used [0x0000000780100000,0x0000000780100000,0x0000000781a80000)
 ParOldGen       total 245760K, used 38482K [0x00000006c5800000, 0x00000006d4800000, 0x000000076c800000)
  object space 245760K, 15% used [0x00000006c5800000,0x00000006c7d949b8,0x00000006d4800000)
 Metaspace       used 76316K, capacity 79128K, committed 79232K, reserved 1118208K
  class space    used 9541K, capacity 10052K, committed 10112K, reserved 1048576K
Event: 17.214 GC heap after
Heap after GC invocations=16 (full 3):
 PSYoungGen      total 346624K, used 26096K [0x000000076c800000, 0x0000000787d80000, 0x00000007c0000000)
  eden space 320512K, 0% used [0x000000076c800000,0x000000076c800000,0x0000000780100000)
  from space 26112K, 99% used [0x0000000780100000,0x0000000781a7c0c0,0x0000000781a80000)
  to   space 31744K, 0% used [0x0000000785e80000,0x0000000785e80000,0x0000000787d80000)
 ParOldGen       total 245760K, used 44262K [0x00000006c5800000, 0x00000006d4800000, 0x000000076c800000)
  object space 245760K, 18% used [0x00000006c5800000,0x00000006c8339848,0x00000006d4800000)
 Metaspace       used 76316K, capacity 79128K, committed 79232K, reserved 1118208K
  class space    used 9541K, capacity 10052K, committed 10112K, reserved 1048576K
}
Event: 19.373 GC heap before
{Heap before GC invocations=17 (full 3):
 PSYoungGen      total 346624K, used 346608K [0x000000076c800000, 0x0000000787d80000, 0x00000007c0000000)
  eden space 320512K, 100% used [0x000000076c800000,0x0000000780100000,0x0000000780100000)
  from space 26112K, 99% used [0x0000000780100000,0x0000000781a7c0c0,0x0000000781a80000)
  to   space 31744K, 0% used [0x0000000785e80000,0x0000000785e80000,0x0000000787d80000)
 ParOldGen       total 245760K, used 44262K [0x00000006c5800000, 0x00000006d4800000, 0x000000076c800000)
  object space 245760K, 18% used [0x00000006c5800000,0x00000006c8339848,0x00000006d4800000)
 Metaspace       used 80588K, capacity 83828K, committed 84096K, reserved 1122304K
  class space    used 10024K, capacity 10598K, committed 10624K, reserved 1048576K
Event: 19.412 GC heap after
Heap after GC invocations=17 (full 3):
 PSYoungGen      total 408064K, used 31712K [0x000000076c800000, 0x0000000789180000, 0x00000007c0000000)
  eden space 376320K, 0% used [0x000000076c800000,0x000000076c800000,0x0000000783780000)
  from space 31744K, 99% used [0x0000000785e80000,0x0000000787d780d0,0x0000000787d80000)
  to   space 39936K, 0% used [0x0000000783780000,0x0000000783780000,0x0000000785e80000)
 ParOldGen       total 245760K, used 53695K [0x00000006c5800000, 0x00000006d4800000, 0x000000076c800000)
  object space 245760K, 21% used [0x00000006c5800000,0x00000006c8c6fc38,0x00000006d4800000)
 Metaspace       used 80588K, capacity 83828K, committed 84096K, reserved 1122304K
  class space    used 10024K, capacity 10598K, committed 10624K, reserved 1048576K
}
Event: 21.548 GC heap before
{Heap before GC invocations=18 (full 3):
 PSYoungGen      total 408064K, used 408032K [0x000000076c800000, 0x0000000789180000, 0x00000007c0000000)
  eden space 376320K, 100% used [0x000000076c800000,0x0000000783780000,0x0000000783780000)
  from space 31744K, 99% used [0x0000000785e80000,0x0000000787d780d0,0x0000000787d80000)
  to   space 39936K, 0% used [0x0000000783780000,0x0000000783780000,0x0000000785e80000)
 ParOldGen       total 245760K, used 53695K [0x00000006c5800000, 0x00000006d4800000, 0x000000076c800000)
  object space 245760K, 21% used [0x00000006c5800000,0x00000006c8c6fc38,0x00000006d4800000)
 Metaspace       used 84755K, capacity 88396K, committed 88704K, reserved 1126400K
  class space    used 10662K, capacity 11280K, committed 11392K, reserved 1048576K
Event: 21.591 GC heap after
Heap after GC invocations=18 (full 3):
 PSYoungGen      total 416256K, used 39924K [0x000000076c800000, 0x000000078e980000, 0x00000007c0000000)
  eden space 376320K, 0% used [0x000000076c800000,0x000000076c800000,0x0000000783780000)
  from space 39936K, 99% used [0x0000000783780000,0x0000000785e7d348,0x0000000785e80000)
  to   space 48640K, 0% used [0x000000078ba00000,0x000000078ba00000,0x000000078e980000)
 ParOldGen       total 245760K, used 60691K [0x00000006c5800000, 0x00000006d4800000, 0x000000076c800000)
  object space 245760K, 24% used [0x00000006c5800000,0x00000006c9344f78,0x00000006d4800000)
 Metaspace       used 84755K, capacity 88396K, committed 88704K, reserved 1126400K
  class space    used 10662K, capacity 11280K, committed 11392K, reserved 1048576K
}

Deoptimization events (10 events):
Event: 21.818 Thread 0x0000000002af9000 Uncommon trap: reason=unstable_if action=reinterpret pc=0x0000000003132918 method=java.util.HashMap.getNode(ILjava/lang/Object;)Ljava/util/HashMap$Node; @ 84
Event: 21.855 Thread 0x0000000002af9000 Uncommon trap: reason=bimorphic action=maybe_recompile pc=0x0000000004cbc148 method=org.springframework.beans.factory.support.AbstractBeanFactory.isSingleton(Ljava/lang/String;)Z @ 35
Event: 22.049 Thread 0x0000000002af9000 Uncommon trap: reason=unstable_if action=reinterpret pc=0x0000000003aa6cb8 method=java.lang.CharacterData.of(I)Ljava/lang/CharacterData; @ 4
Event: 23.049 Thread 0x0000000002af9000 Uncommon trap: reason=null_check action=make_not_entrant pc=0x0000000005022bf0 method=springfox.documentation.schema.Collections.isContainerType(Lcom/fasterxml/classmate/ResolvedType;)Z @ 6
Event: 23.107 Thread 0x0000000002af9000 Uncommon trap: reason=unstable_if action=reinterpret pc=0x0000000004a20fa8 method=org.springframework.util.ConcurrentReferenceHashMap$Segment.clear()V @ 4
Event: 23.107 Thread 0x0000000002af9000 Uncommon trap: reason=unstable_if action=reinterpret pc=0x00000000046f7cd4 method=org.springframework.util.ConcurrentReferenceHashMap$Segment.clear()V @ 4
Event: 23.222 Thread 0x0000000002af9000 Uncommon trap: reason=unstable_if action=reinterpret pc=0x000000000416b754 method=java.util.regex.Pattern$Curly.match0(Ljava/util/regex/Matcher;IILjava/lang/CharSequence;)Z @ 5
Event: 23.222 Thread 0x0000000002af9000 Uncommon trap: reason=unstable_if action=reinterpret pc=0x00000000035ccdb8 method=java.util.regex.Pattern$Curly.match0(Ljava/util/regex/Matcher;IILjava/lang/CharSequence;)Z @ 5
Event: 23.434 Thread 0x0000000002af9000 Uncommon trap: reason=unstable_if action=reinterpret pc=0x000000000304e738 method=org.hibernate.service.internal.SessionFactoryServiceRegistryImpl.getService(Ljava/lang/Class;)Lorg/hibernate/service/Service; @ 6
Event: 23.444 Thread 0x0000000002af9000 Uncommon trap: reason=predicate action=maybe_recompile pc=0x0000000004a62698 method=org.springframework.util.ClassUtils.getAllInterfacesForClassAsSet(Ljava/lang/Class;Ljava/lang/ClassLoader;)Ljava/util/Set; @ 65

Classes redefined (0 events):
No events

Internal exceptions (10 events):
Event: 23.006 Thread 0x0000000002af9000 Exception <a 'java/lang/ClassNotFoundException': com/xyz/modules/biz/service/dto/SocialorganQueryCriteriaCustomizer> (0x0000000776a10bc0) thrown at [C:\re\workspace\8-2-build-windows-amd64-cygwin\jdk8u161\10277\hotspot\src\share\vm\classfile\systemDiction
Event: 23.021 Thread 0x0000000002af9000 Exception <a 'java/lang/ClassNotFoundException': com/xyz/modules/biz/service/dto/SuspectinfoQueryCriteriaBeanInfo> (0x0000000776cbeab0) thrown at [C:\re\workspace\8-2-build-windows-amd64-cygwin\jdk8u161\10277\hotspot\src\share\vm\classfile\systemDictionar
Event: 23.022 Thread 0x0000000002af9000 Exception <a 'java/lang/ClassNotFoundException': com/xyz/modules/biz/service/dto/SuspectinfoQueryCriteriaCustomizer> (0x0000000776ce96a8) thrown at [C:\re\workspace\8-2-build-windows-amd64-cygwin\jdk8u161\10277\hotspot\src\share\vm\classfile\systemDiction
Event: 23.036 Thread 0x0000000002af9000 Exception <a 'java/lang/ClassNotFoundException': com/xyz/modules/system/service/dto/UserQueryCriteriaBeanInfo> (0x0000000776f90590) thrown at [C:\re\workspace\8-2-build-windows-amd64-cygwin\jdk8u161\10277\hotspot\src\share\vm\classfile\systemDictionary.cp
Event: 23.037 Thread 0x0000000002af9000 Exception <a 'java/lang/ClassNotFoundException': com/xyz/modules/system/service/dto/UserQueryCriteriaCustomizer> (0x0000000776fb9d98) thrown at [C:\re\workspace\8-2-build-windows-amd64-cygwin\jdk8u161\10277\hotspot\src\share\vm\classfile\systemDictionary.
Event: 23.054 Thread 0x0000000002af9000 Exception <a 'java/lang/ClassNotFoundException': com/xyz/domain/VerificationCodeBeanInfo> (0x00000007771571f8) thrown at [C:\re\workspace\8-2-build-windows-amd64-cygwin\jdk8u161\10277\hotspot\src\share\vm\classfile\systemDictionary.cpp, line 210]
Event: 23.055 Thread 0x0000000002af9000 Exception <a 'java/lang/ClassNotFoundException': com/xyz/domain/VerificationCodeCustomizer> (0x0000000777176470) thrown at [C:\re\workspace\8-2-build-windows-amd64-cygwin\jdk8u161\10277\hotspot\src\share\vm\classfile\systemDictionary.cpp, line 210]
Event: 23.069 Thread 0x0000000002af9000 Exception <a 'java/lang/ClassNotFoundException': com/xyz/modules/biz/service/dto/VictiminfoQueryCriteriaBeanInfo> (0x00000007773935e0) thrown at [C:\re\workspace\8-2-build-windows-amd64-cygwin\jdk8u161\10277\hotspot\src\share\vm\classfile\systemDictionary
Event: 23.070 Thread 0x0000000002af9000 Exception <a 'java/lang/ClassNotFoundException': com/xyz/modules/biz/service/dto/VictiminfoQueryCriteriaCustomizer> (0x00000007773be1b0) thrown at [C:\re\workspace\8-2-build-windows-amd64-cygwin\jdk8u161\10277\hotspot\src\share\vm\classfile\systemDictiona
Event: 23.461 Thread 0x0000000002af9000 Exception <a 'java/lang/OutOfMemoryError': (class: com/sun/proxy/$Proxy254, method: <clinit> signature: ()V) > (0x00000007791f9dc8) thrown at [C:\re\workspace\8-2-build-windows-amd64-cygwin\jdk8u161\10277\hotspot\src\share\vm\classfile\verifier.cpp, line 

Events (10 events):
Event: 23.466 Thread 0x0000000002af9000 DEOPT PACKING pc=0x0000000004464d8c sp=0x0000000002aed430
Event: 23.466 Thread 0x0000000002af9000 DEOPT UNPACKING pc=0x0000000002e37890 sp=0x0000000002aed100 mode 1
Event: 23.467 loading class org/springframework/boot/diagnostics/LoggingFailureAnalysisReporter
Event: 23.467 loading class org/springframework/boot/diagnostics/LoggingFailureAnalysisReporter done
Event: 23.467 Thread 0x0000000002af9000 DEOPT PACKING pc=0x0000000004464d8c sp=0x0000000002aed820
Event: 23.467 Thread 0x0000000002af9000 DEOPT UNPACKING pc=0x0000000002e37890 sp=0x0000000002aed4f0 mode 1
Event: 23.467 loading class ch/qos/logback/classic/spi/ThrowableProxy
Event: 23.467 loading class ch/qos/logback/classic/spi/ThrowableProxy done
Event: 23.467 Thread 0x0000000002af9000 DEOPT PACKING pc=0x0000000004464d8c sp=0x0000000002aed210
Event: 23.467 Thread 0x0000000002af9000 DEOPT UNPACKING pc=0x0000000002e37890 sp=0x0000000002aecee0 mode 1


Dynamic libraries:
0x00007ff7dc680000 - 0x00007ff7dc6b7000 	D:\java\jdk\bin\java.exe
0x00007ffc68da0000 - 0x00007ffc68f90000 	C:\WINDOWS\SYSTEM32\ntdll.dll
0x00007ffc67200000 - 0x00007ffc672b2000 	C:\WINDOWS\System32\KERNEL32.DLL
0x00007ffc65d90000 - 0x00007ffc66033000 	C:\WINDOWS\System32\KERNELBASE.dll
0x00007ffc63ea0000 - 0x00007ffc63f2f000 	C:\WINDOWS\SYSTEM32\apphelp.dll
0x00007ffc67d90000 - 0x00007ffc67e33000 	C:\WINDOWS\System32\ADVAPI32.dll
0x00007ffc66fa0000 - 0x00007ffc6703e000 	C:\WINDOWS\System32\msvcrt.dll
0x00007ffc67e40000 - 0x00007ffc67ed7000 	C:\WINDOWS\System32\sechost.dll
0x00007ffc67570000 - 0x00007ffc67690000 	C:\WINDOWS\System32\RPCRT4.dll
0x00007ffc67370000 - 0x00007ffc67504000 	C:\WINDOWS\System32\USER32.dll
0x00007ffc66340000 - 0x00007ffc66361000 	C:\WINDOWS\System32\win32u.dll
0x00007ffc67d60000 - 0x00007ffc67d86000 	C:\WINDOWS\System32\GDI32.dll
0x00007ffc664c0000 - 0x00007ffc66654000 	C:\WINDOWS\System32\gdi32full.dll
0x00007ffc66420000 - 0x00007ffc664be000 	C:\WINDOWS\System32\msvcp_win.dll
0x00007ffc661c0000 - 0x00007ffc662ba000 	C:\WINDOWS\System32\ucrtbase.dll
0x00007ffc53730000 - 0x00007ffc539b5000 	C:\WINDOWS\WinSxS\amd64_microsoft.windows.common-controls_6595b64144ccf1df_6.0.18362.720_none_e6beb5c51314836b\COMCTL32.dll
0x00007ffc67980000 - 0x00007ffc67cb6000 	C:\WINDOWS\System32\combase.dll
0x00007ffc662c0000 - 0x00007ffc66340000 	C:\WINDOWS\System32\bcryptPrimitives.dll
0x00007ffc67cd0000 - 0x00007ffc67cfe000 	C:\WINDOWS\System32\IMM32.DLL
0x0000000064180000 - 0x0000000064252000 	D:\java\jdk\jre\bin\msvcr100.dll
0x0000000062960000 - 0x00000000631ff000 	D:\java\jdk\jre\bin\server\jvm.dll
0x00007ffc66f90000 - 0x00007ffc66f98000 	C:\WINDOWS\System32\PSAPI.DLL
0x00007ffc50ae0000 - 0x00007ffc50ae9000 	C:\WINDOWS\SYSTEM32\WSOCK32.dll
0x00007ffc60ca0000 - 0x00007ffc60caa000 	C:\WINDOWS\SYSTEM32\VERSION.dll
0x00007ffc67910000 - 0x00007ffc6797f000 	C:\WINDOWS\System32\WS2_32.dll
0x00007ffc60c70000 - 0x00007ffc60c94000 	C:\WINDOWS\SYSTEM32\WINMM.dll
0x00007ffc609b0000 - 0x00007ffc609dd000 	C:\WINDOWS\SYSTEM32\WINMMBASE.dll
0x00007ffc66660000 - 0x00007ffc666aa000 	C:\WINDOWS\System32\cfgmgr32.dll
0x0000000064170000 - 0x000000006417f000 	D:\java\jdk\jre\bin\verify.dll
0x0000000064140000 - 0x0000000064169000 	D:\java\jdk\jre\bin\java.dll
0x0000000062920000 - 0x0000000062955000 	D:\java\jdk\jre\bin\jdwp.dll
0x00000000640d0000 - 0x00000000640d8000 	D:\java\jdk\jre\bin\npt.dll
0x00000000628f0000 - 0x0000000062913000 	D:\java\jdk\jre\bin\instrument.dll
0x0000000064120000 - 0x0000000064136000 	D:\java\jdk\jre\bin\zip.dll
0x00007ffc685a0000 - 0x00007ffc68c85000 	C:\WINDOWS\System32\SHELL32.dll
0x00007ffc672c0000 - 0x00007ffc67369000 	C:\WINDOWS\System32\shcore.dll
0x00007ffc666d0000 - 0x00007ffc66e50000 	C:\WINDOWS\System32\windows.storage.dll
0x00007ffc65c90000 - 0x00007ffc65cb3000 	C:\WINDOWS\System32\profapi.dll
0x00007ffc65ce0000 - 0x00007ffc65d2a000 	C:\WINDOWS\System32\powrprof.dll
0x00007ffc65c60000 - 0x00007ffc65c70000 	C:\WINDOWS\System32\UMPDC.dll
0x00007ffc67510000 - 0x00007ffc67562000 	C:\WINDOWS\System32\shlwapi.dll
0x00007ffc65c70000 - 0x00007ffc65c81000 	C:\WINDOWS\System32\kernel.appcore.dll
0x00007ffc666b0000 - 0x00007ffc666c7000 	C:\WINDOWS\System32\cryptsp.dll
0x00000000628e0000 - 0x00000000628e9000 	D:\java\jdk\jre\bin\dt_socket.dll
0x00007ffc65480000 - 0x00007ffc654e7000 	C:\WINDOWS\system32\mswsock.dll
0x0000000064100000 - 0x000000006411a000 	D:\java\jdk\jre\bin\net.dll
0x00007ffc56de0000 - 0x00007ffc56e13000 	C:\Program Files (x86)\Sangfor\SSL\ClientComponent\2_SangforNspX64.dll
0x00007ffc67040000 - 0x00007ffc67197000 	C:\WINDOWS\System32\ole32.dll
0x00007ffc68c90000 - 0x00007ffc68d54000 	C:\WINDOWS\System32\OLEAUT32.dll
0x00007ffc4f330000 - 0x00007ffc4f346000 	C:\WINDOWS\system32\napinsp.dll
0x00007ffc4f310000 - 0x00007ffc4f32a000 	C:\WINDOWS\system32\pnrpnsp.dll
0x00007ffc651e0000 - 0x00007ffc652aa000 	C:\WINDOWS\SYSTEM32\DNSAPI.dll
0x00007ffc67cc0000 - 0x00007ffc67cc8000 	C:\WINDOWS\System32\NSI.dll
0x00007ffc651a0000 - 0x00007ffc651da000 	C:\WINDOWS\SYSTEM32\IPHLPAPI.DLL
0x00007ffc4f090000 - 0x00007ffc4f09e000 	C:\WINDOWS\System32\winrnr.dll
0x00007ffc62860000 - 0x00007ffc6287c000 	C:\WINDOWS\system32\NLAapi.dll
0x00007ffc4f070000 - 0x00007ffc4f085000 	C:\WINDOWS\system32\wshbth.dll
0x00007ffc56e20000 - 0x00007ffc56e2a000 	C:\Windows\System32\rasadhlp.dll
0x00007ffc5e940000 - 0x00007ffc5e9b7000 	C:\WINDOWS\System32\fwpuclnt.dll
0x00007ffc66190000 - 0x00007ffc661b6000 	C:\WINDOWS\System32\bcrypt.dll
0x00000000640e0000 - 0x00000000640f1000 	D:\java\jdk\jre\bin\nio.dll
0x00000000628d0000 - 0x00000000628dd000 	D:\java\jdk\jre\bin\management.dll
0x00007ffc65000000 - 0x00007ffc65033000 	C:\WINDOWS\system32\rsaenh.dll
0x00007ffc65b80000 - 0x00007ffc65ba5000 	C:\WINDOWS\SYSTEM32\USERENV.dll
0x00007ffc65600000 - 0x00007ffc6560c000 	C:\WINDOWS\SYSTEM32\CRYPTBASE.dll
0x00007ffc5f250000 - 0x00007ffc5f266000 	C:\WINDOWS\SYSTEM32\dhcpcsvc6.DLL
0x00007ffc5f230000 - 0x00007ffc5f24c000 	C:\WINDOWS\SYSTEM32\dhcpcsvc.DLL

VM Arguments:
jvm_args: -agentlib:jdwp=transport=dt_socket,address=127.0.0.1:1026,suspend=y,server=n -ea -Didea.test.cyclic.buffer.size=1048576 -javaagent:D:\java\idea\plugins\java\lib\rt\debugger-agent.jar -Dfile.encoding=UTF-8 
java_command: com.intellij.rt.junit.JUnitStarter -ideVersion5 -junit4 com.xyz.biz.BizBuildHeadInfSaveOrUpdateTest,testUpdate
java_class_path (initial): D:\java\idea\lib\idea_rt.jar;D:\java\idea\plugins\junit\lib\junit5-rt.jar;D:\java\idea\plugins\junit\lib\junit-rt.jar;D:\java\jdk\jre\lib\charsets.jar;D:\java\jdk\jre\lib\deploy.jar;D:\java\jdk\jre\lib\ext\access-bridge-64.jar;D:\java\jdk\jre\lib\ext\cldrdata.jar;D:\java\jdk\jre\lib\ext\dnsns.jar;D:\java\jdk\jre\lib\ext\jaccess.jar;D:\java\jdk\jre\lib\ext\jfxrt.jar;D:\java\jdk\jre\lib\ext\localedata.jar;D:\java\jdk\jre\lib\ext\nashorn.jar;D:\java\jdk\jre\lib\ext\sunec.jar;D:\java\jdk\jre\lib\ext\sunjce_provider.jar;D:\java\jdk\jre\lib\ext\sunmscapi.jar;D:\java\jdk\jre\lib\ext\sunpkcs11.jar;D:\java\jdk\jre\lib\ext\zipfs.jar;D:\java\jdk\jre\lib\javaws.jar;D:\java\jdk\jre\lib\jce.jar;D:\java\jdk\jre\lib\jfr.jar;D:\java\jdk\jre\lib\jfxswt.jar;D:\java\jdk\jre\lib\jsse.jar;D:\java\jdk\jre\lib\management-agent.jar;D:\java\jdk\jre\lib\plugin.jar;D:\java\jdk\jre\lib\resources.jar;D:\java\jdk\jre\lib\rt.jar;D:\codes\zongzhi\biz_gov_admin\ccf-system\target\test-classes;D:\codes\zongzhi\biz_gov_admin\ccf-system\target\classes;E:\java\jars\com\xyz\ccf-tools\2.1\ccf-tools-2.1.jar;E:\java\jars\com\xyz\ccf-logging\2.1\ccf-logging-2.1.jar;E:\java\jars\javax\mail\mail\1.4.7\mail-1.4.7.jar;E:\java\jars\javax\activation\activation\1.1\activation-1.1.jar;E:\java\jars\com\github\tobato\fastdfs-client\1.26.5\fastdfs-client-1.26.5.jar;E:\java\jars\org\slf4j\jcl-over-slf4j\1.7.25\jcl-over-slf4j-1.7.25.jar;E:\java\jars\ch\qos\logback\logback-classic\1.2.3\logback-classic-1.2.3.jar;E:\java\jars\ch\qos\logback\logback-core\1.2.3\logback-core-1.2.3.jar;E:\java\jars\commons-beanutils\commons-beanutils\1.9.1\commons-beanutils-1.9.1.jar;E:\java\jars\commons-collections\commons-collections\3.2.1\commons-collections-3.2.1.jar;E:\java\jars\commons-io\commons-io\2.4\commons-io-2.4.jar;E:\java\jars\net\coobird\thumbnailator\0.4.8\thumbnailator-0.4.8.jar;E:\java\jars\io\jsonwebtoken\jjwt\0.9.1\jjwt-0.9.1.jar;E:\java\jars\com\fasterxml\jackson\core\jackson-databind\2.9.7\jack
Launcher Type: SUN_STANDARD

Environment Variables:
JAVA_HOME=D:\java\jdk
CLASSPATH=.;D:\java\jdk\lib\dt.jar;D:\java\jdk\lib\tools.jar;D:\java\jars\Access_JDBC30.jar
PATH=C:\ProgramData\Oracle\Java\javapath;D:\java\Python\Scripts\;D:\java\Python\;C:\Program Files (x86)\Intel\Intel(R) Management Engine Components\iCLS\;C:\Program Files\Intel\Intel(R) Management Engine Components\iCLS\;D:\java\app\dell\product\11.2.0\dbhome_1\bin;C:\Windows\system32;C:\Windows;C:\Windows\System32\Wbem;C:\Windows\System32\WindowsPowerShell\v1.0\;C:\WINDOWS\system32;C:\WINDOWS;C:\WINDOWS\System32\Wbem;C:\WINDOWS\System32\WindowsPowerShell\v1.0\;D:\java\rabbitmq\rabbitmq_server-3.6.10\sbin;D:\java\maven\bin;D:\softs\ffmpeg\bin;C:\WINDOWS\System32\OpenSSH\;D:\java\VS Code\bin;C:\Program Files (x86)\Intel\Intel(R) Management Engine Components\DAL;C:\Program Files\Intel\Intel(R) Management Engine Components\DAL;C:\Program Files (x86)\Intel\Intel(R) Management Engine Components\IPT;C:\Program Files\Intel\Intel(R) Management Engine Components\IPT;D:\java\idea-2018-3\plugins\maven\lib\maven3\bin;C:\Program Files\NVIDIA Corporation\NVIDIA NvDLISR;C:\Program Files (x86)\NVIDIA Corporation\PhysX\Common;D:\java\node\;C:\Program Files\Intel\WiFi\bin\;C:\Program Files\Common Files\Intel\WirelessCommon\;d:\java\Git\cmd;D:\java\totGit\bin;C:\WINDOWS\system32;C:\WINDOWS;C:\WINDOWS\System32\Wbem;C:\WINDOWS\System32\WindowsPowerShell\v1.0\;C:\WINDOWS\System32\OpenSSH\;C:\Users\dell\AppData\Local\Microsoft\WindowsApps;%ERLANG_HOME%\bin;%CATALINA_HOME%\lib;%CATALINA_HOME%\bin;D:\java\apache-http-ab\Apache24\bin;D:\java\VS Code\bin;C:\Program Files\Intel\WiFi\bin\;C:\Program Files\Common Files\Intel\WirelessCommon\;"D:\java\jdk\bin;";D:\java\DataGrip-2019\bin;D:\java\flutter\bin;C:\Users\dell\AppData\Roaming\npm;D:\java\idea\bin;;C:\Users\dell\AppData\Local\Microsoft\WindowsApps;
USERNAME=dell
OS=Windows_NT
PROCESSOR_IDENTIFIER=Intel64 Family 6 Model 158 Stepping 9, GenuineIntel



---------------  S Y S T E M  ---------------

OS: Windows 10.0 , 64 bit Build 18362 (10.0.18362.329)

CPU:total 8 (initial active 8) (4 cores per cpu, 2 threads per core) family 6 model 158 stepping 9, cmov, cx8, fxsr, mmx, sse, sse2, sse3, ssse3, sse4.1, sse4.2, popcnt, avx, avx2, aes, clmul, erms, 3dnowpref, lzcnt, ht, tsc, tscinvbit, bmi1, bmi2, adx

Memory: 4k page, physical 16409480k(2396552k free), swap 26795120k(5128k free)

vm_info: Java HotSpot(TM) 64-Bit Server VM (25.161-b12) for windows-amd64 JRE (1.8.0_161-b12), built on Dec 19 2017 17:52:25 by "java_re" with MS VC++ 10.0 (VS2010)

time: Sun Apr 12 15:13:23 2020
elapsed time: 23 seconds (0d 0h 0m 23s)

